============================================================
  Generated by:           Genus(TM) Synthesis Solution 21.12-s068_1
  Generated on:           Jan 16 2023  10:30:50 pm
  Module:                 simple_adder
  Technology library:     saed32rvt_ss0p95v125c 1.0000000
  Operating conditions:   _nominal_ (balanced_tree)
  Wireload mode:          enclosed
  Area mode:              timing library
============================================================

Timing
--------

Clock Period 
-------------
CLK    500.0 


  Cost    Critical         Violating 
 Group   Path Slack  TNS     Paths   
-------------------------------------
CLK            61.7   0.0          0 
default    No paths   0.0            
-------------------------------------
Total                 0.0          0 

Instance Count
--------------
Leaf Instance Count             7 
Physical Instance count         0 
Sequential Instance Count       5 
Combinational Instance Count    2 
Hierarchical Instance Count     0 

Area
----
Cell Area                          41.680
Physical Cell Area                 0.000
Total Cell Area (Cell+Physical)    41.680
Net Area                           0.000
Total Area (Cell+Physical+Net)     41.680

Max Fanout                         5 (clock)
Min Fanout                         0 (n_2)
Average Fanout                     1.2
Terms to net ratio                 2.4615
Terms to instance ratio            4.5714
Runtime                            28.963272 seconds
Elapsed Runtime                    183 seconds
Genus peak memory usage            1463.81 
Innovus peak memory usage          no_value 
Hostname                           mo.ece.pdx.edu
